<?xml version="1.0" encoding="UTF-8"?>
<testng-results ignored="0" total="1" passed="1" failed="0" skipped="0">
  <reporter-output>
  </reporter-output>
  <suite started-at="2022-07-08T14:58:31 PKT" name="Default suite" finished-at="2022-07-08T14:59:36 PKT" duration-ms="64375">
    <groups>
    </groups>
    <test started-at="2022-07-08T14:58:31 PKT" name="Default test" finished-at="2022-07-08T14:59:36 PKT" duration-ms="64375">
      <class name="First_Test.Task_TestNG">
        <test-method is-config="true" signature="SetUpTest()[pri:0, instance:First_Test.Task_TestNG@130c12b7]" started-at="2022-07-08T14:58:31 PKT" name="SetUpTest" finished-at="2022-07-08T14:58:33 PKT" duration-ms="1936" status="PASS">
          <reporter-output>
          </reporter-output>
        </test-method> <!-- SetUpTest -->
        <test-method signature="CheckOutTest()[pri:0, instance:First_Test.Task_TestNG@130c12b7]" started-at="2022-07-08T14:58:33 PKT" name="CheckOutTest" finished-at="2022-07-08T14:59:31 PKT" duration-ms="58096" status="PASS">
          <reporter-output>
          </reporter-output>
        </test-method> <!-- CheckOutTest -->
        <test-method is-config="true" signature="TearDownTest()[pri:0, instance:First_Test.Task_TestNG@130c12b7]" started-at="2022-07-08T14:59:31 PKT" name="TearDownTest" finished-at="2022-07-08T14:59:36 PKT" duration-ms="4305" status="PASS">
          <reporter-output>
          </reporter-output>
        </test-method> <!-- TearDownTest -->
      </class> <!-- First_Test.Task_TestNG -->
    </test> <!-- Default test -->
  </suite> <!-- Default suite -->
</testng-results>
